{"C:\\Users\\tiago\\Git\\Memorial_PUCRS\\Qualidade_e_Teste_de_Software\\1.01.jest\\funcoes.js": {"path":"C:\\Users\\tiago\\Git\\Memorial_PUCRS\\Qualidade_e_Teste_de_Software\\1.01.jest\\funcoes.js","statementMap":{"0":{"start":{"line":1,"column":14},"end":{"line":1,"column":30}},"1":{"start":{"line":3,"column":16},"end":{"line":20,"column":1}},"2":{"start":{"line":4,"column":46},"end":{"line":4,"column":65}},"3":{"start":{"line":5,"column":22},"end":{"line":5,"column":26}},"4":{"start":{"line":7,"column":8},"end":{"line":10,"column":25}},"5":{"start":{"line":8,"column":12},"end":{"line":8,"column":24}},"6":{"start":{"line":10,"column":12},"end":{"line":10,"column":25}},"7":{"start":{"line":12,"column":27},"end":{"line":15,"column":13}},"8":{"start":{"line":16,"column":29},"end":{"line":16,"column":34}},"9":{"start":{"line":17,"column":26},"end":{"line":19,"column":50}},"10":{"start":{"line":18,"column":27},"end":{"line":18,"column":41}},"11":{"start":{"line":19,"column":22},"end":{"line":19,"column":49}},"12":{"start":{"line":21,"column":0},"end":{"line":21,"column":25}}},"fnMap":{"0":{"name":"(anonymous_0)","decl":{"start":{"line":4,"column":22},"end":{"line":4,"column":23}},"loc":{"start":{"line":4,"column":46},"end":{"line":4,"column":65}},"line":4},"1":{"name":"(anonymous_1)","decl":{"start":{"line":5,"column":16},"end":{"line":5,"column":17}},"loc":{"start":{"line":5,"column":22},"end":{"line":5,"column":26}},"line":5},"2":{"name":"(anonymous_2)","decl":{"start":{"line":6,"column":18},"end":{"line":6,"column":19}},"loc":{"start":{"line":6,"column":36},"end":{"line":11,"column":5}},"line":6},"3":{"name":"(anonymous_3)","decl":{"start":{"line":12,"column":20},"end":{"line":12,"column":21}},"loc":{"start":{"line":12,"column":27},"end":{"line":15,"column":13}},"line":12},"4":{"name":"(anonymous_4)","decl":{"start":{"line":16,"column":22},"end":{"line":16,"column":23}},"loc":{"start":{"line":16,"column":29},"end":{"line":16,"column":34}},"line":16},"5":{"name":"(anonymous_5)","decl":{"start":{"line":17,"column":20},"end":{"line":17,"column":21}},"loc":{"start":{"line":17,"column":26},"end":{"line":19,"column":50}},"line":17},"6":{"name":"(anonymous_6)","decl":{"start":{"line":18,"column":14},"end":{"line":18,"column":15}},"loc":{"start":{"line":18,"column":27},"end":{"line":18,"column":41}},"line":18},"7":{"name":"(anonymous_7)","decl":{"start":{"line":19,"column":15},"end":{"line":19,"column":16}},"loc":{"start":{"line":19,"column":22},"end":{"line":19,"column":49}},"line":19}},"branchMap":{"0":{"loc":{"start":{"line":7,"column":8},"end":{"line":10,"column":25}},"type":"if","locations":[{"start":{"line":7,"column":8},"end":{"line":10,"column":25}},{"start":{"line":10,"column":12},"end":{"line":10,"column":25}}],"line":7},"1":{"loc":{"start":{"line":7,"column":11},"end":{"line":7,"column":41}},"type":"binary-expr","locations":[{"start":{"line":7,"column":11},"end":{"line":7,"column":24}},{"start":{"line":7,"column":28},"end":{"line":7,"column":41}}],"line":7}},"s":{"0":1,"1":1,"2":1,"3":1,"4":3,"5":2,"6":1,"7":4,"8":0,"9":2,"10":2,"11":0,"12":1},"f":{"0":1,"1":1,"2":3,"3":4,"4":0,"5":2,"6":2,"7":0},"b":{"0":[2,1],"1":[3,2]},"_coverageSchema":"1a1c01bbd47fc00a2c39e90264f33305004495a9","hash":"05e02009482bb34a3693e4fa108261680469e053"}
}
